current directory: /home/lit_users/workspace/.bundle/ruby/2.6.0/gems/debase-0.2.3/ext/attach
/home/lit_users/.rbenv/versions/2.6.2/bin/ruby -I /home/lit_users/.rbenv/versions/2.6.2/lib/ruby/2.6.0 -r ./siteconf20190707-1041-1cer5i6.rb extconf.rb
checking for vm_core.h... no
checking for vm_core.h... no
**************************************************************************
No source for ruby-2.6.2-p47 (revision 67232) provided with
debase-ruby_core_source gem. Falling back to ruby-2.6.0-p0.
**************************************************************************
checking for vm_core.h... yes
checking for iseq.h... yes
checking for version.h... yes
checking for vm_core.h... yes
checking for vm_insnhelper.h... yes
checking for vm_core.h... yes
checking for method.h... yes
creating Makefile

current directory: /home/lit_users/workspace/.bundle/ruby/2.6.0/gems/debase-0.2.3/ext/attach
make "DESTDIR=" clean

current directory: /home/lit_users/workspace/.bundle/ruby/2.6.0/gems/debase-0.2.3/ext/attach
make "DESTDIR="
compiling attach.c
linking shared-object attach.so

current directory: /home/lit_users/workspace/.bundle/ruby/2.6.0/gems/debase-0.2.3/ext/attach
make "DESTDIR=" install
/usr/bin/install -c -m 0755 attach.so ./.gem.20190707-1041-18osbbi
